mode: set
geektrust/models/charges.go:11.94,12.26 1 1
geektrust/models/charges.go:30.2,30.10 1 0
geektrust/models/charges.go:12.26,13.26 1 1
geektrust/models/charges.go:16.3,16.25 1 1
geektrust/models/charges.go:19.3,19.25 1 1
geektrust/models/charges.go:13.26,15.4 1 1
geektrust/models/charges.go:16.25,18.4 1 1
geektrust/models/charges.go:19.25,21.4 1 1
geektrust/models/charges.go:22.8,22.29 1 1
geektrust/models/charges.go:22.29,23.25 1 1
geektrust/models/charges.go:26.3,26.25 1 1
geektrust/models/charges.go:23.25,25.4 1 1
geektrust/models/charges.go:26.25,28.4 1 1
geektrust/models/models.go:22.70,24.2 1 0
geektrust/models/models.go:26.64,28.2 1 0
geektrust/models/models.go:34.59,36.35 2 0
geektrust/models/models.go:39.2,39.25 1 0
geektrust/models/models.go:36.35,38.3 1 0
geektrust/models/models.go:42.98,44.25 2 0
geektrust/models/models.go:70.2,70.19 1 0
geektrust/models/models.go:44.25,45.36 1 0
geektrust/models/models.go:45.36,46.66 1 0
geektrust/models/models.go:46.66,48.5 1 0
geektrust/models/models.go:50.8,50.31 1 0
geektrust/models/models.go:50.31,51.36 1 0
geektrust/models/models.go:51.36,52.65 1 0
geektrust/models/models.go:55.4,55.61 1 0
geektrust/models/models.go:52.65,54.5 1 0
geektrust/models/models.go:55.61,57.5 1 0
geektrust/models/models.go:59.8,60.36 1 0
geektrust/models/models.go:60.36,61.65 1 0
geektrust/models/models.go:64.4,64.61 1 0
geektrust/models/models.go:61.65,63.5 1 0
geektrust/models/models.go:64.61,66.5 1 0
geektrust/services/revenue_service.go:14.57,18.2 3 1
geektrust/services/revenue_service.go:21.38,23.42 2 1
geektrust/services/revenue_service.go:41.2,41.21 1 1
geektrust/services/revenue_service.go:23.42,24.35 1 1
geektrust/services/revenue_service.go:24.35,25.39 1 1
geektrust/services/revenue_service.go:25.39,29.26 3 1
geektrust/services/revenue_service.go:29.26,33.6 1 1
geektrust/services/revenue_service.go:33.11,37.6 2 1
geektrust/services/booking_service.go:13.77,17.2 2 1
geektrust/services/booking_service.go:19.98,20.53 1 0
geektrust/services/booking_service.go:28.2,28.14 1 0
geektrust/services/booking_service.go:20.53,21.38 1 0
geektrust/services/booking_service.go:21.38,22.58 1 0
geektrust/services/booking_service.go:22.58,25.5 2 0
geektrust/services/booking_service.go:32.38,33.39 1 1
geektrust/services/booking_service.go:42.2,42.14 1 1
geektrust/services/booking_service.go:33.39,35.67 1 1
geektrust/services/booking_service.go:35.67,36.68 1 1
geektrust/services/booking_service.go:36.68,39.5 2 1
geektrust/services/booking_service.go:45.96,46.21 1 1
geektrust/services/booking_service.go:50.2,50.29 1 1
geektrust/services/booking_service.go:55.2,55.13 1 1
geektrust/services/booking_service.go:46.21,48.3 1 1
geektrust/services/booking_service.go:50.29,51.92 1 1
geektrust/services/booking_service.go:51.92,53.4 1 1
geektrust/commands/command.go:13.39,15.2 1 1
geektrust/commands/command.go:17.64,18.38 1 1
geektrust/commands/command.go:18.38,20.3 1 1
geektrust/commands/command.go:20.8,22.3 1 0
geektrust/commands/command.go:32.43,33.73 1 1
geektrust/commands/command.go:36.2,36.75 1 1
geektrust/commands/command.go:39.2,41.96 3 1
geektrust/commands/command.go:33.73,35.3 1 1
geektrust/commands/command.go:36.75,38.3 1 0
geektrust/commands/command.go:44.68,45.67 1 1
geektrust/commands/command.go:48.2,48.56 1 1
geektrust/commands/command.go:51.2,51.60 1 1
geektrust/commands/command.go:54.2,54.52 1 1
geektrust/commands/command.go:57.2,57.13 1 1
geektrust/commands/command.go:45.67,47.3 1 0
geektrust/commands/command.go:48.56,50.3 1 0
geektrust/commands/command.go:51.60,53.3 1 0
geektrust/commands/command.go:54.52,56.3 1 0
geektrust/commands/command.go:66.49,67.79 1 1
geektrust/commands/command.go:70.2,72.50 3 1
geektrust/commands/command.go:67.79,69.3 1 1
geektrust/commands/command.go:75.74,76.73 1 1
geektrust/commands/command.go:79.2,79.66 1 1
geektrust/commands/command.go:82.2,82.56 1 1
geektrust/commands/command.go:85.2,85.13 1 1
geektrust/commands/command.go:76.73,78.3 1 0
geektrust/commands/command.go:79.66,81.3 1 0
geektrust/commands/command.go:82.56,84.3 1 0
geektrust/commands/command_executor.go:15.61,17.16 2 0
geektrust/commands/command_executor.go:20.2,21.32 2 0
geektrust/commands/command_executor.go:17.16,19.3 1 0
geektrust/commands/command_executor.go:21.32,24.3 2 0
geektrust/commands/command_executor.go:24.8,24.45 1 0
geektrust/commands/command_executor.go:24.45,27.3 2 0
geektrust/commands/command_executor.go:27.8,27.42 1 0
geektrust/commands/command_executor.go:27.42,30.3 2 0
geektrust/commands/command_executor.go:33.75,34.22 1 1
geektrust/commands/command_executor.go:37.2,38.30 2 1
geektrust/commands/command_executor.go:51.2,51.36 1 1
geektrust/commands/command_executor.go:63.2,63.33 1 1
geektrust/commands/command_executor.go:71.2,71.21 1 1
geektrust/commands/command_executor.go:34.22,36.3 1 1
geektrust/commands/command_executor.go:38.30,39.22 1 1
geektrust/commands/command_executor.go:42.3,49.4 1 1
geektrust/commands/command_executor.go:39.22,41.4 1 1
geektrust/commands/command_executor.go:51.36,52.22 1 1
geektrust/commands/command_executor.go:55.3,61.4 1 1
geektrust/commands/command_executor.go:52.22,54.4 1 1
geektrust/commands/command_executor.go:63.33,64.22 1 1
geektrust/commands/command_executor.go:67.3,69.4 1 1
geektrust/commands/command_executor.go:64.22,66.4 1 0
geektrust/commands/constants.go:17.43,19.16 2 1
geektrust/commands/constants.go:22.2,22.10 1 1
geektrust/commands/constants.go:19.16,21.3 1 0
geektrust/commands/constants.go:25.41,27.16 2 1
geektrust/commands/constants.go:30.2,30.10 1 1
geektrust/commands/constants.go:27.16,29.3 1 0
geektrust/commands/constants.go:33.34,35.16 2 1
geektrust/commands/constants.go:38.2,38.10 1 1
geektrust/commands/constants.go:35.16,37.3 1 0
